
*** Running vivado
    with args -log pmod_keypad.vds -m64 -product Vivado -mode batch -messageDb vivado.pb -notrace -source pmod_keypad.tcl



****** Vivado v2022.2 (64-bit)
  **** SW Build 3671981 on Fri Oct 14 05:00:03 MDT 2022
  **** IP Build 3669848 on Fri Oct 14 08:30:02 MDT 2022
    ** Copyright 1986-2022 Xilinx, Inc. All Rights Reserved.

source pmod_keypad.tcl -notrace
create_project: Time (s): cpu = 00:00:01 ; elapsed = 00:00:05 . Memory (MB): peak = 381.395 ; gain = 60.129
Command: read_checkpoint -auto_incremental -incremental C:/Users/Salvadorcoscab/Documents/vhdlPracticas/Practica-4-arquitectura/matrixkeyboard.srcs/utils_1/imports/synth_1/pmod_keypad.dcp
INFO: [Vivado 12-5825] Read reference checkpoint from C:/Users/Salvadorcoscab/Documents/vhdlPracticas/Practica-4-arquitectura/matrixkeyboard.srcs/utils_1/imports/synth_1/pmod_keypad.dcp for incremental synthesis
INFO: [Vivado 12-7989] Please ensure there are no constraint changes
Command: synth_design -top pmod_keypad -part xc7a35tcpg236-1
Starting synth_design
Attempting to get a license for feature 'Synthesis' and/or device 'xc7a35t'
INFO: [Common 17-349] Got license for feature 'Synthesis' and/or device 'xc7a35t'
INFO: [Device 21-403] Loading part xc7a35tcpg236-1
INFO: [Designutils 20-5440] No compile time benefit to using incremental synthesis; A full resynthesis will be run
INFO: [Designutils 20-4379] Flow is switching to default flow due to incremental criteria not met. If you would like to alter this behaviour and have the flow terminate instead, please set the following parameter config_implementation {autoIncr.Synth.RejectBehavior Terminate}
INFO: [Synth 8-7079] Multithreading enabled for synth_design using a maximum of 2 processes.
INFO: [Synth 8-7078] Launching helper process for spawning children vivado processes
INFO: [Synth 8-7075] Helper process launched with PID 8484
INFO: [Synth 8-11241] undeclared symbol 'REGCCE', assumed default net type 'wire' [C:/Xilinx/Vivado/2022.2/data/verilog/src/unimacro/BRAM_SINGLE_MACRO.v:2170]
---------------------------------------------------------------------------------
Starting RTL Elaboration : Time (s): cpu = 00:00:02 ; elapsed = 00:00:05 . Memory (MB): peak = 1192.996 ; gain = 408.652
---------------------------------------------------------------------------------
INFO: [Synth 8-638] synthesizing module 'pmod_keypad' [C:/Users/Salvadorcoscab/Documents/vhdlPracticas/Practica-4-arquitectura/matrixkeyboard.srcs/sources_1/new/pmod_keypad.vhd:22]
	Parameter clk_freq bound to: 100000000 - type: integer 
	Parameter stable_time bound to: 10 - type: integer 
INFO: [Synth 8-3491] module 'debounce' declared at 'C:/Users/Salvadorcoscab/Documents/vhdlPracticas/Practica-4-arquitectura/matrixkeyboard.srcs/sources_1/new/debounce.vhd:4' bound to instance 'debounce_keys' of component 'debounce' [C:/Users/Salvadorcoscab/Documents/vhdlPracticas/Practica-4-arquitectura/matrixkeyboard.srcs/sources_1/new/pmod_keypad.vhd:274]
INFO: [Synth 8-638] synthesizing module 'debounce' [C:/Users/Salvadorcoscab/Documents/vhdlPracticas/Practica-4-arquitectura/matrixkeyboard.srcs/sources_1/new/debounce.vhd:15]
	Parameter clk_freq bound to: 100000000 - type: integer 
	Parameter stable_time bound to: 10 - type: integer 
INFO: [Synth 8-256] done synthesizing module 'debounce' (0#1) [C:/Users/Salvadorcoscab/Documents/vhdlPracticas/Practica-4-arquitectura/matrixkeyboard.srcs/sources_1/new/debounce.vhd:15]
	Parameter clk_freq bound to: 100000000 - type: integer 
	Parameter stable_time bound to: 10 - type: integer 
INFO: [Synth 8-3491] module 'debounce' declared at 'C:/Users/Salvadorcoscab/Documents/vhdlPracticas/Practica-4-arquitectura/matrixkeyboard.srcs/sources_1/new/debounce.vhd:4' bound to instance 'debounce_keys' of component 'debounce' [C:/Users/Salvadorcoscab/Documents/vhdlPracticas/Practica-4-arquitectura/matrixkeyboard.srcs/sources_1/new/pmod_keypad.vhd:274]
	Parameter clk_freq bound to: 100000000 - type: integer 
	Parameter stable_time bound to: 10 - type: integer 
INFO: [Synth 8-3491] module 'debounce' declared at 'C:/Users/Salvadorcoscab/Documents/vhdlPracticas/Practica-4-arquitectura/matrixkeyboard.srcs/sources_1/new/debounce.vhd:4' bound to instance 'debounce_keys' of component 'debounce' [C:/Users/Salvadorcoscab/Documents/vhdlPracticas/Practica-4-arquitectura/matrixkeyboard.srcs/sources_1/new/pmod_keypad.vhd:274]
	Parameter clk_freq bound to: 100000000 - type: integer 
	Parameter stable_time bound to: 10 - type: integer 
INFO: [Synth 8-3491] module 'debounce' declared at 'C:/Users/Salvadorcoscab/Documents/vhdlPracticas/Practica-4-arquitectura/matrixkeyboard.srcs/sources_1/new/debounce.vhd:4' bound to instance 'debounce_keys' of component 'debounce' [C:/Users/Salvadorcoscab/Documents/vhdlPracticas/Practica-4-arquitectura/matrixkeyboard.srcs/sources_1/new/pmod_keypad.vhd:274]
	Parameter clk_freq bound to: 100000000 - type: integer 
	Parameter stable_time bound to: 10 - type: integer 
INFO: [Synth 8-3491] module 'debounce' declared at 'C:/Users/Salvadorcoscab/Documents/vhdlPracticas/Practica-4-arquitectura/matrixkeyboard.srcs/sources_1/new/debounce.vhd:4' bound to instance 'debounce_keys' of component 'debounce' [C:/Users/Salvadorcoscab/Documents/vhdlPracticas/Practica-4-arquitectura/matrixkeyboard.srcs/sources_1/new/pmod_keypad.vhd:274]
	Parameter clk_freq bound to: 100000000 - type: integer 
	Parameter stable_time bound to: 10 - type: integer 
INFO: [Synth 8-3491] module 'debounce' declared at 'C:/Users/Salvadorcoscab/Documents/vhdlPracticas/Practica-4-arquitectura/matrixkeyboard.srcs/sources_1/new/debounce.vhd:4' bound to instance 'debounce_keys' of component 'debounce' [C:/Users/Salvadorcoscab/Documents/vhdlPracticas/Practica-4-arquitectura/matrixkeyboard.srcs/sources_1/new/pmod_keypad.vhd:274]
	Parameter clk_freq bound to: 100000000 - type: integer 
	Parameter stable_time bound to: 10 - type: integer 
INFO: [Synth 8-3491] module 'debounce' declared at 'C:/Users/Salvadorcoscab/Documents/vhdlPracticas/Practica-4-arquitectura/matrixkeyboard.srcs/sources_1/new/debounce.vhd:4' bound to instance 'debounce_keys' of component 'debounce' [C:/Users/Salvadorcoscab/Documents/vhdlPracticas/Practica-4-arquitectura/matrixkeyboard.srcs/sources_1/new/pmod_keypad.vhd:274]
	Parameter clk_freq bound to: 100000000 - type: integer 
	Parameter stable_time bound to: 10 - type: integer 
INFO: [Synth 8-3491] module 'debounce' declared at 'C:/Users/Salvadorcoscab/Documents/vhdlPracticas/Practica-4-arquitectura/matrixkeyboard.srcs/sources_1/new/debounce.vhd:4' bound to instance 'debounce_keys' of component 'debounce' [C:/Users/Salvadorcoscab/Documents/vhdlPracticas/Practica-4-arquitectura/matrixkeyboard.srcs/sources_1/new/pmod_keypad.vhd:274]
	Parameter clk_freq bound to: 100000000 - type: integer 
	Parameter stable_time bound to: 10 - type: integer 
INFO: [Synth 8-3491] module 'debounce' declared at 'C:/Users/Salvadorcoscab/Documents/vhdlPracticas/Practica-4-arquitectura/matrixkeyboard.srcs/sources_1/new/debounce.vhd:4' bound to instance 'debounce_keys' of component 'debounce' [C:/Users/Salvadorcoscab/Documents/vhdlPracticas/Practica-4-arquitectura/matrixkeyboard.srcs/sources_1/new/pmod_keypad.vhd:274]
	Parameter clk_freq bound to: 100000000 - type: integer 
	Parameter stable_time bound to: 10 - type: integer 
INFO: [Synth 8-3491] module 'debounce' declared at 'C:/Users/Salvadorcoscab/Documents/vhdlPracticas/Practica-4-arquitectura/matrixkeyboard.srcs/sources_1/new/debounce.vhd:4' bound to instance 'debounce_keys' of component 'debounce' [C:/Users/Salvadorcoscab/Documents/vhdlPracticas/Practica-4-arquitectura/matrixkeyboard.srcs/sources_1/new/pmod_keypad.vhd:274]
	Parameter clk_freq bound to: 100000000 - type: integer 
	Parameter stable_time bound to: 10 - type: integer 
INFO: [Synth 8-3491] module 'debounce' declared at 'C:/Users/Salvadorcoscab/Documents/vhdlPracticas/Practica-4-arquitectura/matrixkeyboard.srcs/sources_1/new/debounce.vhd:4' bound to instance 'debounce_keys' of component 'debounce' [C:/Users/Salvadorcoscab/Documents/vhdlPracticas/Practica-4-arquitectura/matrixkeyboard.srcs/sources_1/new/pmod_keypad.vhd:274]
	Parameter clk_freq bound to: 100000000 - type: integer 
	Parameter stable_time bound to: 10 - type: integer 
INFO: [Synth 8-3491] module 'debounce' declared at 'C:/Users/Salvadorcoscab/Documents/vhdlPracticas/Practica-4-arquitectura/matrixkeyboard.srcs/sources_1/new/debounce.vhd:4' bound to instance 'debounce_keys' of component 'debounce' [C:/Users/Salvadorcoscab/Documents/vhdlPracticas/Practica-4-arquitectura/matrixkeyboard.srcs/sources_1/new/pmod_keypad.vhd:274]
	Parameter clk_freq bound to: 100000000 - type: integer 
	Parameter stable_time bound to: 10 - type: integer 
INFO: [Synth 8-3491] module 'debounce' declared at 'C:/Users/Salvadorcoscab/Documents/vhdlPracticas/Practica-4-arquitectura/matrixkeyboard.srcs/sources_1/new/debounce.vhd:4' bound to instance 'debounce_keys' of component 'debounce' [C:/Users/Salvadorcoscab/Documents/vhdlPracticas/Practica-4-arquitectura/matrixkeyboard.srcs/sources_1/new/pmod_keypad.vhd:274]
	Parameter clk_freq bound to: 100000000 - type: integer 
	Parameter stable_time bound to: 10 - type: integer 
INFO: [Synth 8-3491] module 'debounce' declared at 'C:/Users/Salvadorcoscab/Documents/vhdlPracticas/Practica-4-arquitectura/matrixkeyboard.srcs/sources_1/new/debounce.vhd:4' bound to instance 'debounce_keys' of component 'debounce' [C:/Users/Salvadorcoscab/Documents/vhdlPracticas/Practica-4-arquitectura/matrixkeyboard.srcs/sources_1/new/pmod_keypad.vhd:274]
	Parameter clk_freq bound to: 100000000 - type: integer 
	Parameter stable_time bound to: 10 - type: integer 
INFO: [Synth 8-3491] module 'debounce' declared at 'C:/Users/Salvadorcoscab/Documents/vhdlPracticas/Practica-4-arquitectura/matrixkeyboard.srcs/sources_1/new/debounce.vhd:4' bound to instance 'debounce_keys' of component 'debounce' [C:/Users/Salvadorcoscab/Documents/vhdlPracticas/Practica-4-arquitectura/matrixkeyboard.srcs/sources_1/new/pmod_keypad.vhd:274]
	Parameter clk_freq bound to: 100000000 - type: integer 
	Parameter stable_time bound to: 10 - type: integer 
INFO: [Synth 8-3491] module 'debounce' declared at 'C:/Users/Salvadorcoscab/Documents/vhdlPracticas/Practica-4-arquitectura/matrixkeyboard.srcs/sources_1/new/debounce.vhd:4' bound to instance 'debounce_keys' of component 'debounce' [C:/Users/Salvadorcoscab/Documents/vhdlPracticas/Practica-4-arquitectura/matrixkeyboard.srcs/sources_1/new/pmod_keypad.vhd:274]
	Parameter clk_freq bound to: 100000000 - type: integer 
	Parameter stable_time bound to: 10 - type: integer 
INFO: [Synth 8-3491] module 'debounce' declared at 'C:/Users/Salvadorcoscab/Documents/vhdlPracticas/Practica-4-arquitectura/matrixkeyboard.srcs/sources_1/new/debounce.vhd:4' bound to instance 'debounce_clear' of component 'debounce' [C:/Users/Salvadorcoscab/Documents/vhdlPracticas/Practica-4-arquitectura/matrixkeyboard.srcs/sources_1/new/pmod_keypad.vhd:278]
	Parameter clk_freq bound to: 100000000 - type: integer 
	Parameter stable_time bound to: 10 - type: integer 
INFO: [Synth 8-3491] module 'debounce' declared at 'C:/Users/Salvadorcoscab/Documents/vhdlPracticas/Practica-4-arquitectura/matrixkeyboard.srcs/sources_1/new/debounce.vhd:4' bound to instance 'debounce_push' of component 'debounce' [C:/Users/Salvadorcoscab/Documents/vhdlPracticas/Practica-4-arquitectura/matrixkeyboard.srcs/sources_1/new/pmod_keypad.vhd:280]
	Parameter clk_freq bound to: 100000000 - type: integer 
	Parameter stable_time bound to: 10 - type: integer 
INFO: [Synth 8-3491] module 'debounce' declared at 'C:/Users/Salvadorcoscab/Documents/vhdlPracticas/Practica-4-arquitectura/matrixkeyboard.srcs/sources_1/new/debounce.vhd:4' bound to instance 'debounce_pop' of component 'debounce' [C:/Users/Salvadorcoscab/Documents/vhdlPracticas/Practica-4-arquitectura/matrixkeyboard.srcs/sources_1/new/pmod_keypad.vhd:282]
INFO: [Synth 8-3491] module 'decoderkeys' declared at 'C:/Users/Salvadorcoscab/Documents/vhdlPracticas/Practica-4-arquitectura/matrixkeyboard.srcs/sources_1/new/decoderkeys.vhd:34' bound to instance 'calldecoder' of component 'decoderkeys' [C:/Users/Salvadorcoscab/Documents/vhdlPracticas/Practica-4-arquitectura/matrixkeyboard.srcs/sources_1/new/pmod_keypad.vhd:284]
INFO: [Synth 8-638] synthesizing module 'decoderkeys' [C:/Users/Salvadorcoscab/Documents/vhdlPracticas/Practica-4-arquitectura/matrixkeyboard.srcs/sources_1/new/decoderkeys.vhd:41]
INFO: [Synth 8-256] done synthesizing module 'decoderkeys' (0#1) [C:/Users/Salvadorcoscab/Documents/vhdlPracticas/Practica-4-arquitectura/matrixkeyboard.srcs/sources_1/new/decoderkeys.vhd:41]
WARNING: [Synth 8-614] signal 'clearsignal' is read in the process but is not in the sensitivity list [C:/Users/Salvadorcoscab/Documents/vhdlPracticas/Practica-4-arquitectura/matrixkeyboard.srcs/sources_1/new/pmod_keypad.vhd:290]
WARNING: [Synth 8-614] signal 'reset' is read in the process but is not in the sensitivity list [C:/Users/Salvadorcoscab/Documents/vhdlPracticas/Practica-4-arquitectura/matrixkeyboard.srcs/sources_1/new/pmod_keypad.vhd:290]
INFO: [Synth 8-3491] module 'hextodisp' declared at 'C:/Users/Salvadorcoscab/Documents/vhdlPracticas/Practica-4-arquitectura/matrixkeyboard.srcs/sources_1/new/hextodisp.vhd:6' bound to instance 'connectiondisp' of component 'hextodisp' [C:/Users/Salvadorcoscab/Documents/vhdlPracticas/Practica-4-arquitectura/matrixkeyboard.srcs/sources_1/new/pmod_keypad.vhd:317]
INFO: [Synth 8-638] synthesizing module 'hextodisp' [C:/Users/Salvadorcoscab/Documents/vhdlPracticas/Practica-4-arquitectura/matrixkeyboard.srcs/sources_1/new/hextodisp.vhd:15]
INFO: [Synth 8-226] default block is never used [C:/Users/Salvadorcoscab/Documents/vhdlPracticas/Practica-4-arquitectura/matrixkeyboard.srcs/sources_1/new/hextodisp.vhd:48]
WARNING: [Synth 8-614] signal 'num1' is read in the process but is not in the sensitivity list [C:/Users/Salvadorcoscab/Documents/vhdlPracticas/Practica-4-arquitectura/matrixkeyboard.srcs/sources_1/new/hextodisp.vhd:46]
WARNING: [Synth 8-614] signal 'num2' is read in the process but is not in the sensitivity list [C:/Users/Salvadorcoscab/Documents/vhdlPracticas/Practica-4-arquitectura/matrixkeyboard.srcs/sources_1/new/hextodisp.vhd:46]
WARNING: [Synth 8-614] signal 'num3' is read in the process but is not in the sensitivity list [C:/Users/Salvadorcoscab/Documents/vhdlPracticas/Practica-4-arquitectura/matrixkeyboard.srcs/sources_1/new/hextodisp.vhd:46]
WARNING: [Synth 8-614] signal 'num4' is read in the process but is not in the sensitivity list [C:/Users/Salvadorcoscab/Documents/vhdlPracticas/Practica-4-arquitectura/matrixkeyboard.srcs/sources_1/new/hextodisp.vhd:46]
INFO: [Synth 8-3491] module 'BinaryTo7Segments' declared at 'C:/Users/Salvadorcoscab/Documents/vhdlPracticas/Practica-4-arquitectura/matrixkeyboard.srcs/sources_1/imports/components/BinaryTo7Segments.vhd:25' bound to instance 'unity' of component 'BinaryTo7Segments' [C:/Users/Salvadorcoscab/Documents/vhdlPracticas/Practica-4-arquitectura/matrixkeyboard.srcs/sources_1/new/hextodisp.vhd:71]
INFO: [Synth 8-638] synthesizing module 'BinaryTo7Segments' [C:/Users/Salvadorcoscab/Documents/vhdlPracticas/Practica-4-arquitectura/matrixkeyboard.srcs/sources_1/imports/components/BinaryTo7Segments.vhd:32]
INFO: [Synth 8-226] default block is never used [C:/Users/Salvadorcoscab/Documents/vhdlPracticas/Practica-4-arquitectura/matrixkeyboard.srcs/sources_1/imports/components/BinaryTo7Segments.vhd:37]
WARNING: [Synth 8-614] signal 'enable' is read in the process but is not in the sensitivity list [C:/Users/Salvadorcoscab/Documents/vhdlPracticas/Practica-4-arquitectura/matrixkeyboard.srcs/sources_1/imports/components/BinaryTo7Segments.vhd:34]
INFO: [Synth 8-256] done synthesizing module 'BinaryTo7Segments' (0#1) [C:/Users/Salvadorcoscab/Documents/vhdlPracticas/Practica-4-arquitectura/matrixkeyboard.srcs/sources_1/imports/components/BinaryTo7Segments.vhd:32]
INFO: [Synth 8-3491] module 'BinaryTo7Segments' declared at 'C:/Users/Salvadorcoscab/Documents/vhdlPracticas/Practica-4-arquitectura/matrixkeyboard.srcs/sources_1/imports/components/BinaryTo7Segments.vhd:25' bound to instance 'tens' of component 'BinaryTo7Segments' [C:/Users/Salvadorcoscab/Documents/vhdlPracticas/Practica-4-arquitectura/matrixkeyboard.srcs/sources_1/new/hextodisp.vhd:75]
INFO: [Synth 8-3491] module 'BinaryTo7Segments' declared at 'C:/Users/Salvadorcoscab/Documents/vhdlPracticas/Practica-4-arquitectura/matrixkeyboard.srcs/sources_1/imports/components/BinaryTo7Segments.vhd:25' bound to instance 'hund' of component 'BinaryTo7Segments' [C:/Users/Salvadorcoscab/Documents/vhdlPracticas/Practica-4-arquitectura/matrixkeyboard.srcs/sources_1/new/hextodisp.vhd:79]
INFO: [Synth 8-3491] module 'BinaryTo7Segments' declared at 'C:/Users/Salvadorcoscab/Documents/vhdlPracticas/Practica-4-arquitectura/matrixkeyboard.srcs/sources_1/imports/components/BinaryTo7Segments.vhd:25' bound to instance 'mil' of component 'BinaryTo7Segments' [C:/Users/Salvadorcoscab/Documents/vhdlPracticas/Practica-4-arquitectura/matrixkeyboard.srcs/sources_1/new/hextodisp.vhd:83]
INFO: [Synth 8-256] done synthesizing module 'hextodisp' (0#1) [C:/Users/Salvadorcoscab/Documents/vhdlPracticas/Practica-4-arquitectura/matrixkeyboard.srcs/sources_1/new/hextodisp.vhd:15]
INFO: [Synth 8-256] done synthesizing module 'pmod_keypad' (0#1) [C:/Users/Salvadorcoscab/Documents/vhdlPracticas/Practica-4-arquitectura/matrixkeyboard.srcs/sources_1/new/pmod_keypad.vhd:22]
WARNING: [Synth 8-6014] Unused sequential element stack_mem_reg was removed. 
---------------------------------------------------------------------------------
Finished RTL Elaboration : Time (s): cpu = 00:00:03 ; elapsed = 00:00:07 . Memory (MB): peak = 1288.309 ; gain = 503.965
---------------------------------------------------------------------------------
---------------------------------------------------------------------------------
Start Handling Custom Attributes
---------------------------------------------------------------------------------
---------------------------------------------------------------------------------
Finished Handling Custom Attributes : Time (s): cpu = 00:00:03 ; elapsed = 00:00:07 . Memory (MB): peak = 1288.309 ; gain = 503.965
---------------------------------------------------------------------------------
---------------------------------------------------------------------------------
Finished RTL Optimization Phase 1 : Time (s): cpu = 00:00:03 ; elapsed = 00:00:07 . Memory (MB): peak = 1288.309 ; gain = 503.965
---------------------------------------------------------------------------------
Netlist sorting complete. Time (s): cpu = 00:00:00 ; elapsed = 00:00:00.016 . Memory (MB): peak = 1288.309 ; gain = 0.000
INFO: [Project 1-570] Preparing netlist for logic optimization

Processing XDC Constraints
Initializing timing engine
Parsing XDC File [C:/Users/Salvadorcoscab/Documents/vhdlPracticas/Practica-4-arquitectura/matrixkeyboard.srcs/constrs_1/new/piness.xdc]
Finished Parsing XDC File [C:/Users/Salvadorcoscab/Documents/vhdlPracticas/Practica-4-arquitectura/matrixkeyboard.srcs/constrs_1/new/piness.xdc]
INFO: [Project 1-236] Implementation specific constraints were found while reading constraint file [C:/Users/Salvadorcoscab/Documents/vhdlPracticas/Practica-4-arquitectura/matrixkeyboard.srcs/constrs_1/new/piness.xdc]. These constraints will be ignored for synthesis but will be used in implementation. Impacted constraints are listed in the file [.Xil/pmod_keypad_propImpl.xdc].
Resolution: To avoid this warning, move constraints listed in [.Xil/pmod_keypad_propImpl.xdc] to another XDC file and exclude this new file from synthesis with the used_in_synthesis property (File Properties dialog in GUI) and re-run elaboration/synthesis.
Completed Processing XDC Constraints

Netlist sorting complete. Time (s): cpu = 00:00:00 ; elapsed = 00:00:00.001 . Memory (MB): peak = 1397.262 ; gain = 0.000
INFO: [Project 1-111] Unisim Transformation Summary:
No Unisim elements were transformed.

Constraint Validation Runtime : Time (s): cpu = 00:00:00 ; elapsed = 00:00:00.004 . Memory (MB): peak = 1397.262 ; gain = 0.000
INFO: [Designutils 20-5440] No compile time benefit to using incremental synthesis; A full resynthesis will be run
INFO: [Designutils 20-4379] Flow is switching to default flow due to incremental criteria not met. If you would like to alter this behaviour and have the flow terminate instead, please set the following parameter config_implementation {autoIncr.Synth.RejectBehavior Terminate}
INFO: [Synth 8-11241] undeclared symbol 'REGCCE', assumed default net type 'wire' [C:/Xilinx/Vivado/2022.2/data/verilog/src/unimacro/BRAM_SINGLE_MACRO.v:2170]
---------------------------------------------------------------------------------
Finished Constraint Validation : Time (s): cpu = 00:00:05 ; elapsed = 00:00:13 . Memory (MB): peak = 1397.262 ; gain = 612.918
---------------------------------------------------------------------------------
---------------------------------------------------------------------------------
Start Loading Part and Timing Information
---------------------------------------------------------------------------------
Loading part: xc7a35tcpg236-1
---------------------------------------------------------------------------------
Finished Loading Part and Timing Information : Time (s): cpu = 00:00:05 ; elapsed = 00:00:13 . Memory (MB): peak = 1397.262 ; gain = 612.918
---------------------------------------------------------------------------------
---------------------------------------------------------------------------------
Start Applying 'set_property' XDC Constraints
---------------------------------------------------------------------------------
---------------------------------------------------------------------------------
Finished applying 'set_property' XDC Constraints : Time (s): cpu = 00:00:05 ; elapsed = 00:00:13 . Memory (MB): peak = 1397.262 ; gain = 612.918
---------------------------------------------------------------------------------
INFO: [Synth 8-802] inferred FSM for state register 'columns_reg' in module 'pmod_keypad'
---------------------------------------------------------------------------------------------------
                   State |                     New Encoding |                Previous Encoding 
---------------------------------------------------------------------------------------------------
                 iSTATE7 |                      00000000001 |                             1111
                 iSTATE5 |                      00000000010 |                             0111
                 iSTATE2 |                      00000000100 |                             1011
                 iSTATE0 |                      00000001000 |                             1101
                 iSTATE8 |                      00000010000 |                             1110
                  iSTATE |                      00000100000 |                             0011
                 iSTATE9 |                      00001000000 |                             0101
                 iSTATE6 |                      00010000000 |                             0110
                 iSTATE4 |                      00100000000 |                             1001
                 iSTATE3 |                      01000000000 |                             1010
                 iSTATE1 |                      10000000000 |                             1100
---------------------------------------------------------------------------------------------------
INFO: [Synth 8-3354] encoded FSM with state register 'columns_reg' using encoding 'one-hot' in module 'pmod_keypad'
---------------------------------------------------------------------------------
Finished RTL Optimization Phase 2 : Time (s): cpu = 00:00:05 ; elapsed = 00:00:13 . Memory (MB): peak = 1397.262 ; gain = 612.918
---------------------------------------------------------------------------------
---------------------------------------------------------------------------------
Start RTL Component Statistics 
---------------------------------------------------------------------------------
Detailed RTL Component Info : 
+---Adders : 
	   2 Input   32 Bit       Adders := 2     
	   2 Input   17 Bit       Adders := 1     
	   2 Input    5 Bit       Adders := 1     
	  16 Input    5 Bit       Adders := 1     
	   2 Input    2 Bit       Adders := 1     
+---XORs : 
	   2 Input      1 Bit         XORs := 19    
+---Registers : 
	               17 Bit    Registers := 1     
	               16 Bit    Registers := 3     
	                8 Bit    Registers := 1     
	                5 Bit    Registers := 6     
	                4 Bit    Registers := 1     
	                2 Bit    Registers := 20    
	                1 Bit    Registers := 24    
+---Muxes : 
	   2 Input   32 Bit        Muxes := 3     
	   2 Input   17 Bit        Muxes := 1     
	   2 Input   16 Bit        Muxes := 27    
	  11 Input   16 Bit        Muxes := 4     
	   2 Input   15 Bit        Muxes := 2     
	   2 Input   14 Bit        Muxes := 1     
	   2 Input   13 Bit        Muxes := 1     
	  16 Input    7 Bit        Muxes := 4     
	   2 Input    7 Bit        Muxes := 4     
	   4 Input    7 Bit        Muxes := 1     
	  18 Input    5 Bit        Muxes := 1     
	  16 Input    4 Bit        Muxes := 4     
	   4 Input    4 Bit        Muxes := 1     
	  11 Input    4 Bit        Muxes := 1     
	   4 Input    2 Bit        Muxes := 1     
	   2 Input    2 Bit        Muxes := 1     
	   2 Input    1 Bit        Muxes := 11    
	   3 Input    1 Bit        Muxes := 1     
---------------------------------------------------------------------------------
Finished RTL Component Statistics 
---------------------------------------------------------------------------------
---------------------------------------------------------------------------------
Start Part Resource Summary
---------------------------------------------------------------------------------
Part Resources:
DSPs: 90 (col length:60)
BRAMs: 100 (col length: RAMB18 60 RAMB36 30)
---------------------------------------------------------------------------------
Finished Part Resource Summary
---------------------------------------------------------------------------------
---------------------------------------------------------------------------------
Start Cross Boundary and Area Optimization
---------------------------------------------------------------------------------
WARNING: [Synth 8-7080] Parallel synthesis criteria is not met
---------------------------------------------------------------------------------
Finished Cross Boundary and Area Optimization : Time (s): cpu = 00:00:07 ; elapsed = 00:00:17 . Memory (MB): peak = 1397.262 ; gain = 612.918
---------------------------------------------------------------------------------
---------------------------------------------------------------------------------
Start Applying XDC Timing Constraints
---------------------------------------------------------------------------------
---------------------------------------------------------------------------------
Finished Applying XDC Timing Constraints : Time (s): cpu = 00:00:09 ; elapsed = 00:00:21 . Memory (MB): peak = 1397.262 ; gain = 612.918
---------------------------------------------------------------------------------
---------------------------------------------------------------------------------
Start Timing Optimization
---------------------------------------------------------------------------------
---------------------------------------------------------------------------------
Finished Timing Optimization : Time (s): cpu = 00:00:09 ; elapsed = 00:00:21 . Memory (MB): peak = 1397.262 ; gain = 612.918
---------------------------------------------------------------------------------
---------------------------------------------------------------------------------
Start Technology Mapping
---------------------------------------------------------------------------------
---------------------------------------------------------------------------------
Finished Technology Mapping : Time (s): cpu = 00:00:09 ; elapsed = 00:00:21 . Memory (MB): peak = 1397.262 ; gain = 612.918
---------------------------------------------------------------------------------
---------------------------------------------------------------------------------
Start IO Insertion
---------------------------------------------------------------------------------
---------------------------------------------------------------------------------
Start Flattening Before IO Insertion
---------------------------------------------------------------------------------
---------------------------------------------------------------------------------
Finished Flattening Before IO Insertion
---------------------------------------------------------------------------------
---------------------------------------------------------------------------------
Start Final Netlist Cleanup
---------------------------------------------------------------------------------
---------------------------------------------------------------------------------
Finished Final Netlist Cleanup
---------------------------------------------------------------------------------
---------------------------------------------------------------------------------
Finished IO Insertion : Time (s): cpu = 00:00:11 ; elapsed = 00:00:24 . Memory (MB): peak = 1397.262 ; gain = 612.918
---------------------------------------------------------------------------------
---------------------------------------------------------------------------------
Start Renaming Generated Instances
---------------------------------------------------------------------------------
---------------------------------------------------------------------------------
Finished Renaming Generated Instances : Time (s): cpu = 00:00:11 ; elapsed = 00:00:24 . Memory (MB): peak = 1397.262 ; gain = 612.918
---------------------------------------------------------------------------------
---------------------------------------------------------------------------------
Start Rebuilding User Hierarchy
---------------------------------------------------------------------------------
---------------------------------------------------------------------------------
Finished Rebuilding User Hierarchy : Time (s): cpu = 00:00:11 ; elapsed = 00:00:24 . Memory (MB): peak = 1397.262 ; gain = 612.918
---------------------------------------------------------------------------------
---------------------------------------------------------------------------------
Start Renaming Generated Ports
---------------------------------------------------------------------------------
---------------------------------------------------------------------------------
Finished Renaming Generated Ports : Time (s): cpu = 00:00:11 ; elapsed = 00:00:24 . Memory (MB): peak = 1397.262 ; gain = 612.918
---------------------------------------------------------------------------------
---------------------------------------------------------------------------------
Start Handling Custom Attributes
---------------------------------------------------------------------------------
---------------------------------------------------------------------------------
Finished Handling Custom Attributes : Time (s): cpu = 00:00:11 ; elapsed = 00:00:24 . Memory (MB): peak = 1397.262 ; gain = 612.918
---------------------------------------------------------------------------------
---------------------------------------------------------------------------------
Start Renaming Generated Nets
---------------------------------------------------------------------------------
---------------------------------------------------------------------------------
Finished Renaming Generated Nets : Time (s): cpu = 00:00:11 ; elapsed = 00:00:24 . Memory (MB): peak = 1397.262 ; gain = 612.918
---------------------------------------------------------------------------------
---------------------------------------------------------------------------------
Start Writing Synthesis Report
---------------------------------------------------------------------------------

Report BlackBoxes: 
+-+--------------+----------+
| |BlackBox name |Instances |
+-+--------------+----------+
+-+--------------+----------+

Report Cell Usage: 
+------+-------+------+
|      |Cell   |Count |
+------+-------+------+
|1     |BUFG   |     1|
|2     |CARRY4 |   127|
|3     |LUT1   |    52|
|4     |LUT2   |   101|
|5     |LUT3   |    69|
|6     |LUT4   |    79|
|7     |LUT5   |    78|
|8     |LUT6   |   131|
|9     |MUXF7  |    14|
|10    |MUXF8  |     7|
|11    |FDCE   |   203|
|12    |FDPE   |     1|
|13    |FDRE   |   418|
|14    |IBUF   |     9|
|15    |OBUF   |    23|
+------+-------+------+
---------------------------------------------------------------------------------
Finished Writing Synthesis Report : Time (s): cpu = 00:00:11 ; elapsed = 00:00:24 . Memory (MB): peak = 1397.262 ; gain = 612.918
---------------------------------------------------------------------------------
Synthesis finished with 0 errors, 0 critical warnings and 1 warnings.
Synthesis Optimization Runtime : Time (s): cpu = 00:00:08 ; elapsed = 00:00:23 . Memory (MB): peak = 1397.262 ; gain = 503.965
Synthesis Optimization Complete : Time (s): cpu = 00:00:11 ; elapsed = 00:00:24 . Memory (MB): peak = 1397.262 ; gain = 612.918
INFO: [Project 1-571] Translating synthesized netlist
Netlist sorting complete. Time (s): cpu = 00:00:00 ; elapsed = 00:00:00.010 . Memory (MB): peak = 1397.262 ; gain = 0.000
INFO: [Netlist 29-17] Analyzing 148 Unisim elements for replacement
INFO: [Netlist 29-28] Unisim Transformation completed in 0 CPU seconds
INFO: [Project 1-570] Preparing netlist for logic optimization
INFO: [Opt 31-138] Pushed 0 inverter(s) to 0 load pin(s).
Netlist sorting complete. Time (s): cpu = 00:00:00 ; elapsed = 00:00:00 . Memory (MB): peak = 1397.262 ; gain = 0.000
INFO: [Project 1-111] Unisim Transformation Summary:
No Unisim elements were transformed.

Synth Design complete, checksum: 3679e0a2
INFO: [Common 17-83] Releasing license: Synthesis
62 Infos, 9 Warnings, 0 Critical Warnings and 0 Errors encountered.
synth_design completed successfully
synth_design: Time (s): cpu = 00:00:13 ; elapsed = 00:00:36 . Memory (MB): peak = 1397.262 ; gain = 992.023
INFO: [Common 17-1381] The checkpoint 'C:/Users/Salvadorcoscab/Documents/vhdlPracticas/Practica-4-arquitectura/matrixkeyboard.runs/synth_1/pmod_keypad.dcp' has been generated.
INFO: [runtcl-4] Executing : report_utilization -file pmod_keypad_utilization_synth.rpt -pb pmod_keypad_utilization_synth.pb
INFO: [Common 17-206] Exiting Vivado at Mon Jun 19 01:42:52 2023...
